Watching for file changes with StatReloader
Performing system checks...

System check identified no issues (0 silenced).
April 07, 2022 - 13:01:21
Django version 4.0.2, using settings 'app.settings'
Starting development server at http://0.0.0.0:5008/
Quit the server with CONTROL-C.
Watching for file changes with StatReloader
Performing system checks...

System check identified no issues (0 silenced).
April 07, 2022 - 13:01:29
Django version 4.0.2, using settings 'app.settings'
Starting development server at http://0.0.0.0:5008/
Quit the server with CONTROL-C.
[07/Apr/2022 13:01:41] "GET / HTTP/1.1" 200 63265
[07/Apr/2022 13:01:41] "GET /static/assets/img_for_shop/brands/placeholder_brands.png HTTP/1.1" 200 1386
[07/Apr/2022 13:01:41] "GET /static/assets/js_for_shop/main.js HTTP/1.1" 304 0
[07/Apr/2022 13:01:41] "GET /static/assets/js_for_shop/video_header.min.js HTTP/1.1" 200 2522
[07/Apr/2022 13:01:41] "GET /static/assets/js_for_shop/isotope.min.js HTTP/1.1" 200 40847
[07/Apr/2022 13:01:42] "GET /static/assets/img_for_shop/brands/logo_2.png HTTP/1.1" 200 2876
[07/Apr/2022 13:01:42] "GET /static/assets/img_for_shop/brands/logo_4.png HTTP/1.1" 200 3555
[07/Apr/2022 13:01:42] "GET /static/assets/img_for_shop/brands/logo_3.png HTTP/1.1" 200 2938
[07/Apr/2022 13:01:42] "GET /static/assets/img_for_shop/brands/logo_1.png HTTP/1.1" 200 4213
Watching for file changes with StatReloader
Performing system checks...

System check identified no issues (0 silenced).
April 07, 2022 - 13:04:25
Django version 4.0.2, using settings 'app.settings'
Starting development server at http://0.0.0.0:5008/
Quit the server with CONTROL-C.
Watching for file changes with StatReloader
Performing system checks...

System check identified no issues (0 silenced).
April 07, 2022 - 13:07:40
Django version 4.0.2, using settings 'app.settings'
Starting development server at http://0.0.0.0:5008/
Quit the server with CONTROL-C.
